0 info it worked if it ends with ok
1 verbose cli [ '/usr/local/bin/node', '/usr/local/bin/npm', 'run', 'build' ]
2 info using npm@3.10.10
3 info using node@v6.11.0
4 verbose run-script [ 'prebuild', 'build', 'postbuild' ]
5 info lifecycle tweenage-dirtbag@0.0.1~prebuild: tweenage-dirtbag@0.0.1
6 silly lifecycle tweenage-dirtbag@0.0.1~prebuild: no script for prebuild, continuing
7 info lifecycle tweenage-dirtbag@0.0.1~build: tweenage-dirtbag@0.0.1
8 verbose lifecycle tweenage-dirtbag@0.0.1~build: unsafe-perm in lifecycle true
9 verbose lifecycle tweenage-dirtbag@0.0.1~build: PATH: /usr/local/lib/node_modules/npm/bin/node-gyp-bin:/Users/tom/Sites/tweenage-dirtbag/node_modules/.bin:/Applications/MAMP/bin/php/php5.5.26/bin:/usr/local/bin:/usr/bin:/bin:/usr/sbin:/sbin:/opt/X11/bin:/Applications/MAMP/bin/php/php5.5.26/bin
10 verbose lifecycle tweenage-dirtbag@0.0.1~build: CWD: /Users/tom/Sites/tweenage-dirtbag
11 silly lifecycle tweenage-dirtbag@0.0.1~build: Args: [ '-c', 'webpack -p' ]
12 silly lifecycle tweenage-dirtbag@0.0.1~build: Returned: code: 2  signal: null
13 info lifecycle tweenage-dirtbag@0.0.1~build: Failed to exec build script
14 verbose stack Error: tweenage-dirtbag@0.0.1 build: `webpack -p`
14 verbose stack Exit status 2
14 verbose stack     at EventEmitter.<anonymous> (/usr/local/lib/node_modules/npm/lib/utils/lifecycle.js:255:16)
14 verbose stack     at emitTwo (events.js:106:13)
14 verbose stack     at EventEmitter.emit (events.js:191:7)
14 verbose stack     at ChildProcess.<anonymous> (/usr/local/lib/node_modules/npm/lib/utils/spawn.js:40:14)
14 verbose stack     at emitTwo (events.js:106:13)
14 verbose stack     at ChildProcess.emit (events.js:191:7)
14 verbose stack     at maybeClose (internal/child_process.js:891:16)
14 verbose stack     at Process.ChildProcess._handle.onexit (internal/child_process.js:226:5)
15 verbose pkgid tweenage-dirtbag@0.0.1
16 verbose cwd /Users/tom/Sites/tweenage-dirtbag
17 error Darwin 16.6.0
18 error argv "/usr/local/bin/node" "/usr/local/bin/npm" "run" "build"
19 error node v6.11.0
20 error npm  v3.10.10
21 error code ELIFECYCLE
22 error tweenage-dirtbag@0.0.1 build: `webpack -p`
22 error Exit status 2
23 error Failed at the tweenage-dirtbag@0.0.1 build script 'webpack -p'.
23 error Make sure you have the latest version of node.js and npm installed.
23 error If you do, this is most likely a problem with the tweenage-dirtbag package,
23 error not with npm itself.
23 error Tell the author that this fails on your system:
23 error     webpack -p
23 error You can get information on how to open an issue for this project with:
23 error     npm bugs tweenage-dirtbag
23 error Or if that isn't available, you can get their info via:
23 error     npm owner ls tweenage-dirtbag
23 error There is likely additional logging output above.
24 verbose exit [ 1, true ]
